2017-10-20 16:22:12 =SUPERVISOR REPORT====
     Supervisor: {local,'Elixir.Logger.Supervisor'}
     Context:    child_terminated
     Reason:     normal
     Offender:   [{pid,<0.160.0>},{id,'Elixir.Logger.ErrorHandler'},{mfargs,{'Elixir.Logger.Watcher',start_link,[{error_logger,'Elixir.Logger.ErrorHandler',{true,false,500}}]}},{restart_type,permanent},{shutdown,5000},{child_type,worker}]

2017-10-20 16:24:04 =SUPERVISOR REPORT====
     Supervisor: {local,'Elixir.Logger.Supervisor'}
     Context:    child_terminated
     Reason:     normal
     Offender:   [{pid,<0.160.0>},{id,'Elixir.Logger.ErrorHandler'},{mfargs,{'Elixir.Logger.Watcher',start_link,[{error_logger,'Elixir.Logger.ErrorHandler',{true,false,500}}]}},{restart_type,permanent},{shutdown,5000},{child_type,worker}]

2017-10-20 16:27:59 =SUPERVISOR REPORT====
     Supervisor: {local,'Elixir.Logger.Supervisor'}
     Context:    child_terminated
     Reason:     normal
     Offender:   [{pid,<0.160.0>},{id,'Elixir.Logger.ErrorHandler'},{mfargs,{'Elixir.Logger.Watcher',start_link,[{error_logger,'Elixir.Logger.ErrorHandler',{true,false,500}}]}},{restart_type,permanent},{shutdown,5000},{child_type,worker}]

2017-10-20 16:29:19 =SUPERVISOR REPORT====
     Supervisor: {local,'Elixir.Logger.Supervisor'}
     Context:    child_terminated
     Reason:     normal
     Offender:   [{pid,<0.160.0>},{id,'Elixir.Logger.ErrorHandler'},{mfargs,{'Elixir.Logger.Watcher',start_link,[{error_logger,'Elixir.Logger.ErrorHandler',{true,false,500}}]}},{restart_type,permanent},{shutdown,5000},{child_type,worker}]

2017-10-20 16:34:36 =SUPERVISOR REPORT====
     Supervisor: {local,'Elixir.Logger.Supervisor'}
     Context:    child_terminated
     Reason:     normal
     Offender:   [{pid,<0.160.0>},{id,'Elixir.Logger.ErrorHandler'},{mfargs,{'Elixir.Logger.Watcher',start_link,[{error_logger,'Elixir.Logger.ErrorHandler',{true,false,500}}]}},{restart_type,permanent},{shutdown,5000},{child_type,worker}]

2017-10-20 16:53:54 =SUPERVISOR REPORT====
     Supervisor: {local,'Elixir.Logger.Supervisor'}
     Context:    child_terminated
     Reason:     normal
     Offender:   [{pid,<0.160.0>},{id,'Elixir.Logger.ErrorHandler'},{mfargs,{'Elixir.Logger.Watcher',start_link,[{error_logger,'Elixir.Logger.ErrorHandler',{true,false,500}}]}},{restart_type,permanent},{shutdown,5000},{child_type,worker}]

2017-10-20 16:54:05 =SUPERVISOR REPORT====
     Supervisor: {local,'Elixir.Logger.Supervisor'}
     Context:    child_terminated
     Reason:     normal
     Offender:   [{pid,<0.160.0>},{id,'Elixir.Logger.ErrorHandler'},{mfargs,{'Elixir.Logger.Watcher',start_link,[{error_logger,'Elixir.Logger.ErrorHandler',{true,false,500}}]}},{restart_type,permanent},{shutdown,5000},{child_type,worker}]

2017-10-20 16:54:23 =SUPERVISOR REPORT====
     Supervisor: {local,'Elixir.Logger.Supervisor'}
     Context:    child_terminated
     Reason:     normal
     Offender:   [{pid,<0.160.0>},{id,'Elixir.Logger.ErrorHandler'},{mfargs,{'Elixir.Logger.Watcher',start_link,[{error_logger,'Elixir.Logger.ErrorHandler',{true,false,500}}]}},{restart_type,permanent},{shutdown,5000},{child_type,worker}]

2017-10-23 10:48:33 =SUPERVISOR REPORT====
     Supervisor: {local,'Elixir.Logger.Supervisor'}
     Context:    child_terminated
     Reason:     normal
     Offender:   [{pid,<0.160.0>},{id,'Elixir.Logger.ErrorHandler'},{mfargs,{'Elixir.Logger.Watcher',start_link,[{error_logger,'Elixir.Logger.ErrorHandler',{true,false,500}}]}},{restart_type,permanent},{shutdown,5000},{child_type,worker}]

2017-10-23 10:49:52 =SUPERVISOR REPORT====
     Supervisor: {local,'Elixir.Logger.Supervisor'}
     Context:    child_terminated
     Reason:     normal
     Offender:   [{pid,<0.160.0>},{id,'Elixir.Logger.ErrorHandler'},{mfargs,{'Elixir.Logger.Watcher',start_link,[{error_logger,'Elixir.Logger.ErrorHandler',{true,false,500}}]}},{restart_type,permanent},{shutdown,5000},{child_type,worker}]

2017-10-23 10:55:04 =SUPERVISOR REPORT====
     Supervisor: {local,'Elixir.Logger.Supervisor'}
     Context:    child_terminated
     Reason:     normal
     Offender:   [{pid,<0.160.0>},{id,'Elixir.Logger.ErrorHandler'},{mfargs,{'Elixir.Logger.Watcher',start_link,[{error_logger,'Elixir.Logger.ErrorHandler',{true,false,500}}]}},{restart_type,permanent},{shutdown,5000},{child_type,worker}]

2017-10-23 10:55:22 =ERROR REPORT====
Error in process <0.317.0> with exit value:
{{badarity,{#Fun<Elixir.Hello.0.18853651>,[1]}},[{'Elixir.Enum','-each/2-fun-0-',3,[{file,"lib/enum.ex"},{line,681}]},{'Elixir.Enum',reduce_range_inc,4,[{file,"lib/enum.ex"},{line,1856}]},{'Elixir.Enum',each,2,[{file,"lib/enum.ex"},{line,1831}]}]}
2017-10-23 10:55:33 =ERROR REPORT====
Error in process <0.320.0> with exit value:
{{badarity,{#Fun<Elixir.Hello.0.18853651>,[1]}},[{'Elixir.Enum','-each/2-fun-0-',3,[{file,"lib/enum.ex"},{line,681}]},{'Elixir.Enum',reduce_range_inc,4,[{file,"lib/enum.ex"},{line,1856}]},{'Elixir.Enum',each,2,[{file,"lib/enum.ex"},{line,1831}]}]}
2017-10-23 10:56:01 =ERROR REPORT====
Error in process <0.323.0> with exit value:
{undef,[{'Elixir.Hello',hello,[<<"BOSS">>],[]}]}
2017-10-23 10:56:11 =ERROR REPORT====
Error in process <0.330.0> with exit value:
{{badarity,{#Fun<Elixir.Hello.0.18853651>,[1]}},[{'Elixir.Enum','-each/2-fun-0-',3,[{file,"lib/enum.ex"},{line,681}]},{'Elixir.Enum',reduce_range_inc,4,[{file,"lib/enum.ex"},{line,1856}]},{'Elixir.Enum',each,2,[{file,"lib/enum.ex"},{line,1831}]}]}
2017-10-23 10:57:57 =SUPERVISOR REPORT====
     Supervisor: {local,'Elixir.Logger.Supervisor'}
     Context:    child_terminated
     Reason:     normal
     Offender:   [{pid,<0.160.0>},{id,'Elixir.Logger.ErrorHandler'},{mfargs,{'Elixir.Logger.Watcher',start_link,[{error_logger,'Elixir.Logger.ErrorHandler',{true,false,500}}]}},{restart_type,permanent},{shutdown,5000},{child_type,worker}]

2017-10-23 11:00:06 =SUPERVISOR REPORT====
     Supervisor: {local,'Elixir.Logger.Supervisor'}
     Context:    child_terminated
     Reason:     normal
     Offender:   [{pid,<0.160.0>},{id,'Elixir.Logger.ErrorHandler'},{mfargs,{'Elixir.Logger.Watcher',start_link,[{error_logger,'Elixir.Logger.ErrorHandler',{true,false,500}}]}},{restart_type,permanent},{shutdown,5000},{child_type,worker}]

2017-10-23 11:01:29 =SUPERVISOR REPORT====
     Supervisor: {local,'Elixir.Logger.Supervisor'}
     Context:    child_terminated
     Reason:     normal
     Offender:   [{pid,<0.160.0>},{id,'Elixir.Logger.ErrorHandler'},{mfargs,{'Elixir.Logger.Watcher',start_link,[{error_logger,'Elixir.Logger.ErrorHandler',{true,false,500}}]}},{restart_type,permanent},{shutdown,5000},{child_type,worker}]

2017-10-23 11:04:14 =SUPERVISOR REPORT====
     Supervisor: {local,'Elixir.Logger.Supervisor'}
     Context:    child_terminated
     Reason:     normal
     Offender:   [{pid,<0.160.0>},{id,'Elixir.Logger.ErrorHandler'},{mfargs,{'Elixir.Logger.Watcher',start_link,[{error_logger,'Elixir.Logger.ErrorHandler',{true,false,500}}]}},{restart_type,permanent},{shutdown,5000},{child_type,worker}]

